Line 321: <div
  Stack increased: 1 items. Top: <div
Line 325: </div>
  Balanced: <div (L321)
Line 339: <div
  Stack increased: 1 items. Top: <div
Line 340: <div
  Stack increased: 2 items. Top: <div
Line 343: </div>
  Balanced: <div (L340)
Line 346: <div
  Stack increased: 2 items. Top: <div
Line 348: <div
  Stack increased: 3 items. Top: <div
Line 350: <div
  Stack increased: 4 items. Top: <div
Line 359: </div>
  Balanced: <div (L350)
Line 361: </div>
  Balanced: <div (L348)
Line 362: </div>
  Balanced: <div (L346)
Line 365: <div
  Stack increased: 2 items. Top: <div
Line 370: <div
  Stack increased: 3 items. Top: <div
Line 380: </div>
  Balanced: <div (L370)
Line 382: <div
  Stack increased: 3 items. Top: <div
Line 387: </div>
  Balanced: <div (L382)
Line 388: </div>
  Balanced: <div (L365)
Line 391: <div
  Stack increased: 2 items. Top: <div
Line 396: <div
  Stack increased: 3 items. Top: <div
Line 406: </div>
  Balanced: <div (L396)
Line 407: </div>
  Balanced: <div (L391)
Line 410: <div
  Stack increased: 2 items. Top: <div
Line 412: <div
  Stack increased: 3 items. Top: <div
Line 414: <div
  Stack increased: 4 items. Top: <div
Line 423: </div>
  Balanced: <div (L414)
Line 425: </div>
  Balanced: <div (L412)
Line 426: </div>
  Balanced: <div (L410)
Line 429: <div
  Stack increased: 2 items. Top: <div
Line 431: <div
  Stack increased: 3 items. Top: <div
Line 433: <div
  Stack increased: 4 items. Top: <div
Line 442: </div>
  Balanced: <div (L433)
Line 444: </div>
  Balanced: <div (L431)
Line 445: </div>
  Balanced: <div (L429)
Line 448: <div
  Stack increased: 2 items. Top: <div
Line 450: <div
  Stack increased: 3 items. Top: <div
Line 461: </div>
  Balanced: <div (L450)
Line 462: </div>
  Balanced: <div (L448)
Line 463: </div>
  Balanced: <div (L339)
Line 473: <div
  Stack increased: 1 items. Top: <div
Line 499: <motion.div
  Stack increased: 2 items. Top: <motion.div
Line 503: <div
  Stack increased: 3 items. Top: <div
Line 504: <div
  Stack increased: 4 items. Top: <div
Line 504: </div>
  Balanced: <div (L504)
Line 506: <div
  Stack increased: 4 items. Top: <div
Line 514: <div
  Stack increased: 5 items. Top: <div
Line 515: <div
  Stack increased: 6 items. Top: <div
Line 517: </div>
  Balanced: <div (L515)
Line 518: <div
  Stack increased: 6 items. Top: <div
Line 519: <div
  Stack increased: 7 items. Top: <div
Line 519: </div>
  Balanced: <div (L519)
Line 520: <div
  Stack increased: 7 items. Top: <div
Line 520: </div>
  Balanced: <div (L520)
Line 521: </div>
  Balanced: <div (L518)
Line 522: </div>
  Balanced: <div (L514)
Line 523: </div>
  Balanced: <div (L506)
Line 525: </div>
  Balanced: <div (L503)
Line 526: </motion.div>
  Balanced: <motion.div (L499)
Line 529: </div>
  Balanced: <div (L473)
Line 533: <div
  Stack increased: 1 items. Top: <div
Line 540: </div>
  Balanced: <div (L533)
Line 544: <div
  Stack increased: 1 items. Top: <div
Line 546: <div
  Stack increased: 2 items. Top: <div
Line 548: </div>
  Balanced: <div (L546)
Line 552: <div
  Stack increased: 2 items. Top: <div
Line 554: </div>
  Balanced: <div (L552)
Line 558: <div
  Stack increased: 2 items. Top: <div
Line 560: </div>
  Balanced: <div (L558)
Line 563: </div>
  Balanced: <div (L544)
Line 567: <div
  Stack increased: 1 items. Top: <div
Line 570: <div
  Stack increased: 2 items. Top: <div
Line 571: <div
  Stack increased: 3 items. Top: <div
Line 572: <div
  Stack increased: 4 items. Top: <div
Line 574: </div>
  Balanced: <div (L572)
Line 575: <div
  Stack increased: 4 items. Top: <div
Line 577: </div>
  Balanced: <div (L575)
Line 578: </div>
  Balanced: <div (L571)
Line 579: </div>
  Balanced: <div (L570)
Line 584: <div
  Stack increased: 2 items. Top: <div
Line 585: <div
  Stack increased: 3 items. Top: <div
Line 587: <div
  Stack increased: 4 items. Top: <div
Line 597: <motion.div
  Stack increased: 5 items. Top: <motion.div
Line 616: </motion.div>
  Balanced: <motion.div (L597)
Line 618: </div>
  Balanced: <div (L587)
Line 620: <div
  Stack increased: 4 items. Top: <div
Line 621: <motion.div
  Stack increased: 5 items. Top: <motion.div
Line 634: </motion.div>
  Balanced: <motion.div (L621)
Line 636: <motion.div
  Stack increased: 5 items. Top: <motion.div
Line 643: <div
  Stack increased: 6 items. Top: <div
Line 644: <div
  Stack increased: 7 items. Top: <div
Line 645: <div
  Stack increased: 8 items. Top: <div
Line 646: <div
  Stack increased: 9 items. Top: <div
Line 648: </div>
  Balanced: <div (L646)
Line 649: <div
  Stack increased: 9 items. Top: <div
Line 664: </div>
  Balanced: <div (L649)
Line 665: </div>
  Balanced: <div (L645)
Line 667: <div
  Stack increased: 8 items. Top: <div
Line 668: <div
  Stack increased: 9 items. Top: <div
Line 670: </div>
  Balanced: <div (L668)
Line 671: <div
  Stack increased: 9 items. Top: <div
Line 674: </div>
  Balanced: <div (L671)
Line 675: </div>
  Balanced: <div (L667)
Line 677: <div
  Stack increased: 8 items. Top: <div
Line 678: <div
  Stack increased: 9 items. Top: <div
Line 680: </div>
  Balanced: <div (L678)
Line 681: <div
  Stack increased: 9 items. Top: <div
Line 684: </div>
  Balanced: <div (L681)
Line 685: </div>
  Balanced: <div (L677)
Line 694: </div>
  Balanced: <div (L644)
Line 699: <motion.div
  Stack increased: 7 items. Top: <motion.div
Line 706: <div
  Stack increased: 8 items. Top: <div
Line 714: <div
  Stack increased: 9 items. Top: <div
Line 716: </div>
  Balanced: <div (L714)
Line 717: <div
  Stack increased: 9 items. Top: <div
Line 720: </div>
  Balanced: <div (L717)
Line 721: </div>
  Balanced: <div (L706)
Line 723: </motion.div>
  Balanced: <motion.div (L699)
Line 726: </div>
  Balanced: <div (L643)
Line 727: </motion.div>
  Balanced: <motion.div (L636)
Line 729: <motion.div
  Stack increased: 5 items. Top: <motion.div
Line 738: </motion.div>
  Balanced: <motion.div (L729)
Line 739: </div>
  Balanced: <div (L620)
Line 741: </div>
  Balanced: <div (L585)
Line 744: <div
  Stack increased: 3 items. Top: <div
Line 745: <div
  Stack increased: 4 items. Top: <div
Line 747: <section
  Stack increased: 5 items. Top: <section
Line 748: <div
  Stack increased: 6 items. Top: <div
Line 751: </div>
  Balanced: <div (L748)
Line 752: <div
  Stack increased: 6 items. Top: <div
Line 759: <motion.div
  Stack increased: 7 items. Top: <motion.div
Line 766: <div
  Stack increased: 8 items. Top: <div
Line 766: </div>
  Balanced: <div (L766)
Line 767: <div
  Stack increased: 8 items. Top: <div
Line 768: <div
  Stack increased: 9 items. Top: <div
Line 768: </div>
  Balanced: <div (L768)
Line 771: </div>
  Balanced: <div (L767)
Line 772: <div
  Stack increased: 8 items. Top: <div
Line 774: </div>
  Balanced: <div (L772)
Line 775: </motion.div>
  Balanced: <motion.div (L759)
Line 777: </div>
  Balanced: <div (L752)
Line 778: </section>
  Balanced: <section (L747)
Line 782: <section
  Stack increased: 5 items. Top: <section
Line 783: <div
  Stack increased: 6 items. Top: <div
Line 785: <div
  Stack increased: 7 items. Top: <div
Line 788: </div>
  Balanced: <div (L785)
Line 789: </div>
  Balanced: <div (L783)
Line 791: <div
  Stack increased: 6 items. Top: <div
Line 801: <motion.div
  Stack increased: 7 items. Top: <motion.div
Line 808: <div
  Stack increased: 8 items. Top: <div
Line 808: </div>
  Balanced: <div (L808)
Line 810: <div
  Stack increased: 8 items. Top: <div
Line 811: <div
  Stack increased: 9 items. Top: <div
Line 813: </div>
  Balanced: <div (L811)
Line 814: <div
  Stack increased: 9 items. Top: <div
Line 816: </div>
  Balanced: <div (L814)
Line 817: </div>
  Balanced: <div (L810)
Line 819: <div
  Stack increased: 8 items. Top: <div
Line 822: <div
  Stack increased: 9 items. Top: <div
Line 827: </div>
  Balanced: <div (L822)
Line 828: </div>
  Balanced: <div (L819)
Line 829: </motion.div>
  Balanced: <motion.div (L801)
Line 832: </div>
  Balanced: <div (L791)
Line 833: </section>
  Balanced: <section (L782)
Line 835: </div>
  Balanced: <div (L745)
Line 836: </div>
  Balanced: <div (L744)
Line 837: </div>
  Balanced: <div (L584)
Line 843: <motion.div
  Stack increased: 2 items. Top: <motion.div
Line 847: <div
  Stack increased: 3 items. Top: <div
Line 850: <div
  Stack increased: 4 items. Top: <div
Line 851: <div
  Stack increased: 5 items. Top: <div
Line 853: </div>
  Balanced: <div (L851)
Line 854: </div>
  Balanced: <div (L850)
Line 857: <div
  Stack increased: 4 items. Top: <div
Line 859: <div
  Stack increased: 5 items. Top: <div
Line 860: <div
  Stack increased: 6 items. Top: <div
Line 873: </div>
  Balanced: <div (L860)
Line 875: <div
  Stack increased: 6 items. Top: <div
Line 877: <div
  Stack increased: 7 items. Top: <div
Line 895: </div>
  Balanced: <div (L877)
Line 912: </div>
  Balanced: <div (L875)
Line 913: </div>
  Balanced: <div (L859)
Line 920: <div
  Stack increased: 5 items. Top: <div
Line 922: </div>
  Balanced: <div (L920)
Line 924: <div
  Stack increased: 5 items. Top: <div
Line 925: <div
  Stack increased: 6 items. Top: <div
Line 927: </div>
  Balanced: <div (L925)
Line 931: </div>
  Balanced: <div (L924)
Line 933: <div
  Stack increased: 5 items. Top: <div
Line 935: <div
  Stack increased: 6 items. Top: <div
Line 939: <div
  Stack increased: 7 items. Top: <div
Line 941: <div
  Stack increased: 8 items. Top: <div
Line 950: <div
  Stack increased: 9 items. Top: <div
Line 951: <div
  Stack increased: 10 items. Top: <div
Line 952: <div
  Stack increased: 11 items. Top: <div
Line 956: </div>
  Balanced: <div (L952)
Line 957: <div
  Stack increased: 11 items. Top: <div
Line 959: </div>
  Balanced: <div (L957)
Line 960: </div>
  Balanced: <div (L951)
Line 961: </div>
  Balanced: <div (L950)
Line 965: <div
  Stack increased: 9 items. Top: <div
Line 974: </div>
  Balanced: <div (L965)
Line 975: </div>
  Balanced: <div (L941)
Line 978: <div
  Stack increased: 8 items. Top: <div
Line 979: <div
  Stack increased: 9 items. Top: <div
Line 983: </div>
  Balanced: <div (L979)
Line 986: <div
  Stack increased: 9 items. Top: <div
Line 995: </div>
  Balanced: <div (L986)
Line 998: <div
  Stack increased: 9 items. Top: <div
Line 1011: </div>
  Balanced: <div (L998)
Line 1014: <div
  Stack increased: 9 items. Top: <div
Line 1018: </div>
  Balanced: <div (L1014)
Line 1019: </div>
  Balanced: <div (L978)
Line 1020: </div>
  Balanced: <div (L939)
Line 1023: <div
  Stack increased: 7 items. Top: <div
Line 1024: <div
  Stack increased: 8 items. Top: <div
Line 1025: <div
  Stack increased: 9 items. Top: <div
Line 1028: </div>
  Balanced: <div (L1025)
Line 1041: </div>
  Balanced: <div (L1024)
Line 1042: </div>
  Balanced: <div (L1023)
Line 1043: </div>
  Balanced: <div (L935)
Line 1045: </div>
  Balanced: <div (L933)
Line 1047: </div>
  Balanced: <div (L857)
Line 1048: </div>
  Balanced: <div (L847)
Line 1049: </motion.div>
  Balanced: <motion.div (L843)
Line 1060: <div
  Stack increased: 2 items. Top: <div
Line 1066: </div>
  Balanced: <div (L1060)
Line 1068: <div
  Stack increased: 2 items. Top: <div
Line 1070: <div
  Stack increased: 3 items. Top: <div
Line 1084: <div
  Stack increased: 4 items. Top: <div
Line 1086: </div>
  Balanced: <div (L1084)
Line 1090: <div
  Stack increased: 4 items. Top: <div
Line 1090: </div>
  Balanced: <div (L1090)
Line 1093: <div
  Stack increased: 4 items. Top: <div
Line 1109: </div>
  Balanced: <div (L1093)
Line 1110: </div>
  Balanced: <div (L1070)
Line 1113: <div
  Stack increased: 3 items. Top: <div
Line 1115: <div
  Stack increased: 4 items. Top: <div
Line 1128: </div>
  Balanced: <div (L1115)
Line 1131: <div
  Stack increased: 4 items. Top: <div
Line 1136: <div
  Stack increased: 5 items. Top: <div
Line 1145: <div
  Stack increased: 6 items. Top: <div
Line 1145: </div>
  Balanced: <div (L1145)
Line 1154: <div
  Stack increased: 6 items. Top: <div
Line 1154: </div>
  Balanced: <div (L1154)
Line 1163: </div>
  Balanced: <div (L1136)
Line 1164: </div>
  Balanced: <div (L1131)
Line 1165: </div>
  Balanced: <div (L1113)
Line 1167: <div
  Stack increased: 3 items. Top: <div
Line 1176: <div
  Stack increased: 4 items. Top: <div
Line 1177: <div
  Stack increased: 5 items. Top: <div
Line 1180: </div>
  Balanced: <div (L1177)
Line 1183: <>
  Stack increased: 5 items. Top: <>
Line 1184: <div
  Stack increased: 6 items. Top: <div
Line 1187: </div>
  Balanced: <div (L1184)
Line 1188: <div
  Stack increased: 6 items. Top: <div
Line 1191: </div>
  Balanced: <div (L1188)
Line 1192: </>
  MISMATCH: <> (L1183) closed by </>
Line 1194: <div
  Stack increased: 5 items. Top: <div
Line 1197: </div>
  Balanced: <div (L1194)
Line 1200: <div
  Stack increased: 5 items. Top: <div
Line 1203: </div>
  Balanced: <div (L1200)
Line 1205: </div>
  Balanced: <div (L1176)
Line 1209: <div
  Stack increased: 4 items. Top: <div
Line 1212: </div>
  Balanced: <div (L1209)
Line 1215: <div
  Stack increased: 4 items. Top: <div
Line 1241: </div>
  Balanced: <div (L1215)
Line 1242: </div>
  Balanced: <div (L1167)
Line 1243: </div>
  Balanced: <div (L1068)
Line 1270: </div>
  Balanced: <div (L567)

Final unclosed stack:
[]